<?xml version="1.0" encoding="UTF-8"?>
<coverage generated="1587477338649" clover="3.2.0">
  <project timestamp="1587477338649" name="All files">
    <metrics statements="65" coveredstatements="65" conditionals="49" coveredconditionals="39" methods="15" coveredmethods="15" elements="129" coveredelements="119" complexity="0" loc="65" ncloc="65" packages="3" files="9" classes="9"/>
    <package name="reditto">
      <metrics statements="1" coveredstatements="1" conditionals="0" coveredconditionals="0" methods="0" coveredmethods="0"/>
      <file name="config.js" path="/Users/So/testwut/reditto/config.js">
        <metrics statements="1" coveredstatements="1" conditionals="0" coveredconditionals="0" methods="0" coveredmethods="0"/>
        <line num="1" count="1" type="stmt"/>
      </file>
    </package>
    <package name="reditto.logic">
      <metrics statements="14" coveredstatements="14" conditionals="4" coveredconditionals="2" methods="9" coveredmethods="9"/>
      <file name="context.js" path="/Users/So/testwut/reditto/logic/context.js">
        <metrics statements="1" coveredstatements="1" conditionals="0" coveredconditionals="0" methods="0" coveredmethods="0"/>
        <line num="1" count="4" type="stmt"/>
      </file>
      <file name="index.js" path="/Users/So/testwut/reditto/logic/index.js">
        <metrics statements="3" coveredstatements="3" conditionals="0" coveredconditionals="0" methods="1" coveredmethods="1"/>
        <line num="1" count="3" type="stmt"/>
        <line num="3" count="3" type="stmt"/>
        <line num="4" count="7" type="stmt"/>
      </file>
      <file name="type.js" path="/Users/So/testwut/reditto/logic/type.js">
        <metrics statements="10" coveredstatements="10" conditionals="4" coveredconditionals="2" methods="8" coveredmethods="8"/>
        <line num="1" count="3" type="stmt"/>
        <line num="3" count="3" type="stmt"/>
        <line num="5" count="2" type="stmt"/>
        <line num="7" count="29" type="stmt"/>
        <line num="10" count="1" type="stmt"/>
        <line num="12" count="29" type="cond" truecount="1" falsecount="1"/>
        <line num="15" count="1" type="stmt"/>
        <line num="17" count="29" type="cond" truecount="1" falsecount="1"/>
        <line num="20" count="1" type="stmt"/>
        <line num="22" count="29" type="stmt"/>
      </file>
    </package>
    <package name="reditto.utils">
      <metrics statements="50" coveredstatements="50" conditionals="45" coveredconditionals="37" methods="6" coveredmethods="6"/>
      <file name="fetch.js" path="/Users/So/testwut/reditto/utils/fetch.js">
        <metrics statements="12" coveredstatements="12" conditionals="4" coveredconditionals="2" methods="2" coveredmethods="2"/>
        <line num="1" count="4" type="stmt"/>
        <line num="2" count="4" type="stmt"/>
        <line num="4" count="4" type="stmt"/>
        <line num="6" count="3" type="stmt"/>
        <line num="8" count="3" type="stmt"/>
        <line num="9" count="3" type="stmt"/>
        <line num="10" count="1" type="stmt"/>
        <line num="12" count="1" type="stmt"/>
        <line num="13" count="1" type="cond" truecount="1" falsecount="1"/>
        <line num="15" count="1" type="stmt"/>
        <line num="19" count="2" type="cond" truecount="1" falsecount="1"/>
        <line num="21" count="2" type="stmt"/>
      </file>
      <file name="index.js" path="/Users/So/testwut/reditto/utils/index.js">
        <metrics statements="1" coveredstatements="1" conditionals="0" coveredconditionals="0" methods="0" coveredmethods="0"/>
        <line num="1" count="4" type="stmt"/>
      </file>
      <file name="process-posts-info.js" path="/Users/So/testwut/reditto/utils/process-posts-info.js">
        <metrics statements="10" coveredstatements="10" conditionals="0" coveredconditionals="0" methods="1" coveredmethods="1"/>
        <line num="1" count="4" type="stmt"/>
        <line num="2" count="4" type="stmt"/>
        <line num="4" count="4" type="stmt"/>
        <line num="5" count="2" type="stmt"/>
        <line num="7" count="1" type="stmt"/>
        <line num="9" count="1" type="stmt"/>
        <line num="11" count="25" type="stmt"/>
        <line num="12" count="25" type="stmt"/>
        <line num="14" count="25" type="stmt"/>
        <line num="17" count="1" type="stmt"/>
      </file>
      <file name="time-helper.js" path="/Users/So/testwut/reditto/utils/time-helper.js">
        <metrics statements="21" coveredstatements="21" conditionals="30" coveredconditionals="25" methods="1" coveredmethods="1"/>
        <line num="1" count="4" type="stmt"/>
        <line num="3" count="4" type="stmt"/>
        <line num="4" count="32" type="stmt"/>
        <line num="6" count="31" type="stmt"/>
        <line num="8" count="31" type="cond" truecount="2" falsecount="0"/>
        <line num="9" count="2" type="stmt"/>
        <line num="12" count="29" type="cond" truecount="4" falsecount="0"/>
        <line num="13" count="25" type="stmt"/>
        <line num="14" count="25" type="cond" truecount="2" falsecount="0"/>
        <line num="17" count="4" type="cond" truecount="4" falsecount="0"/>
        <line num="18" count="1" type="stmt"/>
        <line num="19" count="1" type="cond" truecount="1" falsecount="1"/>
        <line num="22" count="3" type="cond" truecount="4" falsecount="0"/>
        <line num="23" count="1" type="stmt"/>
        <line num="24" count="1" type="cond" truecount="1" falsecount="1"/>
        <line num="27" count="2" type="cond" truecount="4" falsecount="0"/>
        <line num="28" count="1" type="stmt"/>
        <line num="29" count="1" type="cond" truecount="1" falsecount="1"/>
        <line num="32" count="1" type="cond" truecount="1" falsecount="1"/>
        <line num="33" count="1" type="stmt"/>
        <line num="34" count="1" type="cond" truecount="1" falsecount="1"/>
      </file>
      <file name="validate.js" path="/Users/So/testwut/reditto/utils/validate.js">
        <metrics statements="6" coveredstatements="6" conditionals="11" coveredconditionals="10" methods="2" coveredmethods="2"/>
        <line num="1" count="5" type="stmt"/>
        <line num="3" count="36" type="cond" truecount="5" falsecount="0"/>
        <line num="4" count="35" type="stmt"/>
        <line num="6" count="35" type="cond" truecount="2" falsecount="0"/>
        <line num="7" count="1" type="cond" truecount="1" falsecount="1"/>
        <line num="11" count="9" type="cond" truecount="2" falsecount="0"/>
      </file>
    </package>
  </project>
</coverage>
