{"/Users/So/testwut/reditto/config.js": {"path":"/Users/So/testwut/reditto/config.js","statementMap":{"0":{"start":{"line":1,"column":0},"end":{"line":3,"column":1}}},"fnMap":{},"branchMap":{},"s":{"0":1},"f":{},"b":{},"_coverageSchema":"1a1c01bbd47fc00a2c39e90264f33305004495a9","hash":"ef72436ae1ab295519efc762a1e28745654cdef7"}
,"/Users/So/testwut/reditto/logic/context.js": {"path":"/Users/So/testwut/reditto/logic/context.js","statementMap":{"0":{"start":{"line":1,"column":0},"end":{"line":1,"column":19}}},"fnMap":{},"branchMap":{},"s":{"0":4},"f":{},"b":{},"_coverageSchema":"1a1c01bbd47fc00a2c39e90264f33305004495a9","hash":"25a322b8739ae88e42a04fedef60259b156d00eb"}
,"/Users/So/testwut/reditto/logic/index.js": {"path":"/Users/So/testwut/reditto/logic/index.js","statementMap":{"0":{"start":{"line":1,"column":16},"end":{"line":1,"column":36}},"1":{"start":{"line":3,"column":0},"end":{"line":6,"column":1}},"2":{"start":{"line":4,"column":24},"end":{"line":4,"column":38}}},"fnMap":{"0":{"name":"(anonymous_0)","decl":{"start":{"line":4,"column":4},"end":{"line":4,"column":5}},"loc":{"start":{"line":4,"column":22},"end":{"line":4,"column":40}},"line":4}},"branchMap":{},"s":{"0":3,"1":3,"2":7},"f":{"0":7},"b":{},"_coverageSchema":"1a1c01bbd47fc00a2c39e90264f33305004495a9","hash":"d62d2f2c015ddf20b52bdc75853889b9ee48b2f3"}
,"/Users/So/testwut/reditto/logic/type.js": {"path":"/Users/So/testwut/reditto/logic/type.js","statementMap":{"0":{"start":{"line":1,"column":21},"end":{"line":1,"column":40}},"1":{"start":{"line":3,"column":0},"end":{"line":24,"column":1}},"2":{"start":{"line":5,"column":8},"end":{"line":5,"column":38}},"3":{"start":{"line":7,"column":8},"end":{"line":7,"column":76}},"4":{"start":{"line":7,"column":36},"end":{"line":7,"column":75}},"5":{"start":{"line":10,"column":8},"end":{"line":10,"column":38}},"6":{"start":{"line":12,"column":8},"end":{"line":12,"column":107}},"7":{"start":{"line":12,"column":36},"end":{"line":12,"column":106}},"8":{"start":{"line":15,"column":8},"end":{"line":15,"column":38}},"9":{"start":{"line":17,"column":8},"end":{"line":17,"column":109}},"10":{"start":{"line":17,"column":36},"end":{"line":17,"column":108}},"11":{"start":{"line":20,"column":8},"end":{"line":20,"column":38}},"12":{"start":{"line":22,"column":8},"end":{"line":22,"column":76}},"13":{"start":{"line":22,"column":36},"end":{"line":22,"column":75}}},"fnMap":{"0":{"name":"(anonymous_0)","decl":{"start":{"line":4,"column":10},"end":{"line":4,"column":11}},"loc":{"start":{"line":4,"column":21},"end":{"line":8,"column":5}},"line":4},"1":{"name":"(anonymous_1)","decl":{"start":{"line":7,"column":26},"end":{"line":7,"column":27}},"loc":{"start":{"line":7,"column":36},"end":{"line":7,"column":75}},"line":7},"2":{"name":"(anonymous_2)","decl":{"start":{"line":9,"column":9},"end":{"line":9,"column":10}},"loc":{"start":{"line":9,"column":20},"end":{"line":13,"column":5}},"line":9},"3":{"name":"(anonymous_3)","decl":{"start":{"line":12,"column":26},"end":{"line":12,"column":27}},"loc":{"start":{"line":12,"column":36},"end":{"line":12,"column":106}},"line":12},"4":{"name":"(anonymous_4)","decl":{"start":{"line":14,"column":15},"end":{"line":14,"column":16}},"loc":{"start":{"line":14,"column":26},"end":{"line":18,"column":5}},"line":14},"5":{"name":"(anonymous_5)","decl":{"start":{"line":17,"column":26},"end":{"line":17,"column":27}},"loc":{"start":{"line":17,"column":36},"end":{"line":17,"column":108}},"line":17},"6":{"name":"(anonymous_6)","decl":{"start":{"line":19,"column":9},"end":{"line":19,"column":10}},"loc":{"start":{"line":19,"column":20},"end":{"line":23,"column":5}},"line":19},"7":{"name":"(anonymous_7)","decl":{"start":{"line":22,"column":26},"end":{"line":22,"column":27}},"loc":{"start":{"line":22,"column":36},"end":{"line":22,"column":75}},"line":22}},"branchMap":{"0":{"loc":{"start":{"line":12,"column":36},"end":{"line":12,"column":106}},"type":"binary-expr","locations":[{"start":{"line":12,"column":36},"end":{"line":12,"column":63}},{"start":{"line":12,"column":67},"end":{"line":12,"column":106}}],"line":12},"1":{"loc":{"start":{"line":17,"column":36},"end":{"line":17,"column":108}},"type":"binary-expr","locations":[{"start":{"line":17,"column":36},"end":{"line":17,"column":77}},{"start":{"line":17,"column":81},"end":{"line":17,"column":108}}],"line":17}},"s":{"0":3,"1":3,"2":2,"3":1,"4":29,"5":1,"6":1,"7":29,"8":1,"9":1,"10":29,"11":1,"12":1,"13":29},"f":{"0":2,"1":29,"2":1,"3":29,"4":1,"5":29,"6":1,"7":29},"b":{"0":[29,0],"1":[29,0]},"_coverageSchema":"1a1c01bbd47fc00a2c39e90264f33305004495a9","hash":"a3035066dacc5786589d2f17132318fa1603c554"}
,"/Users/So/testwut/reditto/utils/fetch.js": {"path":"/Users/So/testwut/reditto/utils/fetch.js","statementMap":{"0":{"start":{"line":1,"column":16},"end":{"line":1,"column":43}},"1":{"start":{"line":2,"column":14},"end":{"line":2,"column":35}},"2":{"start":{"line":4,"column":0},"end":{"line":26,"column":15}},"3":{"start":{"line":6,"column":4},"end":{"line":24,"column":8}},"4":{"start":{"line":8,"column":8},"end":{"line":22,"column":9}},"5":{"start":{"line":9,"column":29},"end":{"line":9,"column":54}},"6":{"start":{"line":10,"column":22},"end":{"line":10,"column":43}},"7":{"start":{"line":12,"column":30},"end":{"line":12,"column":33}},"8":{"start":{"line":13,"column":12},"end":{"line":13,"column":53}},"9":{"start":{"line":13,"column":23},"end":{"line":13,"column":53}},"10":{"start":{"line":15,"column":12},"end":{"line":15,"column":22}},"11":{"start":{"line":19,"column":12},"end":{"line":21,"column":47}},"12":{"start":{"line":19,"column":60},"end":{"line":19,"column":109}},"13":{"start":{"line":21,"column":17},"end":{"line":21,"column":47}}},"fnMap":{"0":{"name":"(anonymous_0)","decl":{"start":{"line":4,"column":17},"end":{"line":4,"column":18}},"loc":{"start":{"line":4,"column":29},"end":{"line":26,"column":1}},"line":4},"1":{"name":"(anonymous_1)","decl":{"start":{"line":6,"column":12},"end":{"line":6,"column":13}},"loc":{"start":{"line":6,"column":24},"end":{"line":24,"column":5}},"line":6}},"branchMap":{"0":{"loc":{"start":{"line":13,"column":12},"end":{"line":13,"column":53}},"type":"if","locations":[{"start":{"line":13,"column":12},"end":{"line":13,"column":53}},{"start":{"line":13,"column":12},"end":{"line":13,"column":53}}],"line":13},"1":{"loc":{"start":{"line":19,"column":12},"end":{"line":21,"column":47}},"type":"if","locations":[{"start":{"line":19,"column":12},"end":{"line":21,"column":47}},{"start":{"line":19,"column":12},"end":{"line":21,"column":47}}],"line":19}},"s":{"0":4,"1":4,"2":4,"3":3,"4":3,"5":3,"6":1,"7":1,"8":1,"9":0,"10":1,"11":2,"12":0,"13":2},"f":{"0":3,"1":3},"b":{"0":[0,1],"1":[0,2]},"_coverageSchema":"1a1c01bbd47fc00a2c39e90264f33305004495a9","hash":"4ba2a578bdbb2f23ca89f102c6508681fc21134d"}
,"/Users/So/testwut/reditto/utils/index.js": {"path":"/Users/So/testwut/reditto/utils/index.js","statementMap":{"0":{"start":{"line":1,"column":0},"end":{"line":6,"column":1}}},"fnMap":{},"branchMap":{},"s":{"0":4},"f":{},"b":{},"_coverageSchema":"1a1c01bbd47fc00a2c39e90264f33305004495a9","hash":"31698a9c81ad1a9d948c8a903825de92c9eeee65"}
,"/Users/So/testwut/reditto/utils/process-posts-info.js": {"path":"/Users/So/testwut/reditto/utils/process-posts-info.js","statementMap":{"0":{"start":{"line":1,"column":19},"end":{"line":1,"column":43}},"1":{"start":{"line":2,"column":17},"end":{"line":2,"column":38}},"2":{"start":{"line":4,"column":0},"end":{"line":18,"column":1}},"3":{"start":{"line":5,"column":4},"end":{"line":5,"column":34}},"4":{"start":{"line":7,"column":22},"end":{"line":7,"column":24}},"5":{"start":{"line":9,"column":4},"end":{"line":15,"column":5}},"6":{"start":{"line":11,"column":94},"end":{"line":11,"column":103}},"7":{"start":{"line":12,"column":29},"end":{"line":12,"column":52}},"8":{"start":{"line":14,"column":8},"end":{"line":14,"column":117}},"9":{"start":{"line":17,"column":4},"end":{"line":17,"column":22}}},"fnMap":{"0":{"name":"(anonymous_0)","decl":{"start":{"line":4,"column":17},"end":{"line":4,"column":18}},"loc":{"start":{"line":4,"column":28},"end":{"line":18,"column":1}},"line":4}},"branchMap":{},"s":{"0":4,"1":4,"2":4,"3":2,"4":1,"5":1,"6":25,"7":25,"8":25,"9":1},"f":{"0":2},"b":{},"_coverageSchema":"1a1c01bbd47fc00a2c39e90264f33305004495a9","hash":"6d800a802cc5244eb4db6be141be6a5a61311a5a"}
,"/Users/So/testwut/reditto/utils/time-helper.js": {"path":"/Users/So/testwut/reditto/utils/time-helper.js","statementMap":{"0":{"start":{"line":1,"column":17},"end":{"line":1,"column":38}},"1":{"start":{"line":3,"column":0},"end":{"line":36,"column":1}},"2":{"start":{"line":4,"column":4},"end":{"line":4,"column":39}},"3":{"start":{"line":6,"column":25},"end":{"line":6,"column":51}},"4":{"start":{"line":8,"column":4},"end":{"line":10,"column":5}},"5":{"start":{"line":9,"column":8},"end":{"line":9,"column":39}},"6":{"start":{"line":12,"column":4},"end":{"line":15,"column":5}},"7":{"start":{"line":13,"column":24},"end":{"line":13,"column":72}},"8":{"start":{"line":14,"column":8},"end":{"line":14,"column":72}},"9":{"start":{"line":17,"column":4},"end":{"line":20,"column":5}},"10":{"start":{"line":18,"column":22},"end":{"line":18,"column":75}},"11":{"start":{"line":19,"column":8},"end":{"line":19,"column":64}},"12":{"start":{"line":22,"column":4},"end":{"line":25,"column":5}},"13":{"start":{"line":23,"column":21},"end":{"line":23,"column":79}},"14":{"start":{"line":24,"column":8},"end":{"line":24,"column":60}},"15":{"start":{"line":27,"column":4},"end":{"line":30,"column":5}},"16":{"start":{"line":28,"column":23},"end":{"line":28,"column":86}},"17":{"start":{"line":29,"column":8},"end":{"line":29,"column":68}},"18":{"start":{"line":32,"column":4},"end":{"line":35,"column":5}},"19":{"start":{"line":33,"column":22},"end":{"line":33,"column":90}},"20":{"start":{"line":34,"column":8},"end":{"line":34,"column":64}}},"fnMap":{"0":{"name":"(anonymous_0)","decl":{"start":{"line":3,"column":17},"end":{"line":3,"column":18}},"loc":{"start":{"line":3,"column":27},"end":{"line":36,"column":1}},"line":3}},"branchMap":{"0":{"loc":{"start":{"line":8,"column":4},"end":{"line":10,"column":5}},"type":"if","locations":[{"start":{"line":8,"column":4},"end":{"line":10,"column":5}},{"start":{"line":8,"column":4},"end":{"line":10,"column":5}}],"line":8},"1":{"loc":{"start":{"line":12,"column":4},"end":{"line":15,"column":5}},"type":"if","locations":[{"start":{"line":12,"column":4},"end":{"line":15,"column":5}},{"start":{"line":12,"column":4},"end":{"line":15,"column":5}}],"line":12},"2":{"loc":{"start":{"line":12,"column":8},"end":{"line":12,"column":55}},"type":"binary-expr","locations":[{"start":{"line":12,"column":8},"end":{"line":12,"column":28}},{"start":{"line":12,"column":32},"end":{"line":12,"column":55}}],"line":12},"3":{"loc":{"start":{"line":14,"column":15},"end":{"line":14,"column":72}},"type":"cond-expr","locations":[{"start":{"line":14,"column":31},"end":{"line":14,"column":45}},{"start":{"line":14,"column":48},"end":{"line":14,"column":72}}],"line":14},"4":{"loc":{"start":{"line":17,"column":4},"end":{"line":20,"column":5}},"type":"if","locations":[{"start":{"line":17,"column":4},"end":{"line":20,"column":5}},{"start":{"line":17,"column":4},"end":{"line":20,"column":5}}],"line":17},"5":{"loc":{"start":{"line":17,"column":8},"end":{"line":17,"column":59}},"type":"binary-expr","locations":[{"start":{"line":17,"column":8},"end":{"line":17,"column":31}},{"start":{"line":17,"column":35},"end":{"line":17,"column":59}}],"line":17},"6":{"loc":{"start":{"line":19,"column":15},"end":{"line":19,"column":64}},"type":"cond-expr","locations":[{"start":{"line":19,"column":29},"end":{"line":19,"column":41}},{"start":{"line":19,"column":44},"end":{"line":19,"column":64}}],"line":19},"7":{"loc":{"start":{"line":22,"column":4},"end":{"line":25,"column":5}},"type":"if","locations":[{"start":{"line":22,"column":4},"end":{"line":25,"column":5}},{"start":{"line":22,"column":4},"end":{"line":25,"column":5}}],"line":22},"8":{"loc":{"start":{"line":22,"column":8},"end":{"line":22,"column":62}},"type":"binary-expr","locations":[{"start":{"line":22,"column":8},"end":{"line":22,"column":32}},{"start":{"line":22,"column":36},"end":{"line":22,"column":62}}],"line":22},"9":{"loc":{"start":{"line":24,"column":15},"end":{"line":24,"column":60}},"type":"cond-expr","locations":[{"start":{"line":24,"column":28},"end":{"line":24,"column":39}},{"start":{"line":24,"column":42},"end":{"line":24,"column":60}}],"line":24},"10":{"loc":{"start":{"line":27,"column":4},"end":{"line":30,"column":5}},"type":"if","locations":[{"start":{"line":27,"column":4},"end":{"line":30,"column":5}},{"start":{"line":27,"column":4},"end":{"line":30,"column":5}}],"line":27},"11":{"loc":{"start":{"line":27,"column":8},"end":{"line":27,"column":65}},"type":"binary-expr","locations":[{"start":{"line":27,"column":8},"end":{"line":27,"column":34}},{"start":{"line":27,"column":38},"end":{"line":27,"column":65}}],"line":27},"12":{"loc":{"start":{"line":29,"column":15},"end":{"line":29,"column":68}},"type":"cond-expr","locations":[{"start":{"line":29,"column":30},"end":{"line":29,"column":43}},{"start":{"line":29,"column":46},"end":{"line":29,"column":68}}],"line":29},"13":{"loc":{"start":{"line":32,"column":4},"end":{"line":35,"column":5}},"type":"if","locations":[{"start":{"line":32,"column":4},"end":{"line":35,"column":5}},{"start":{"line":32,"column":4},"end":{"line":35,"column":5}}],"line":32},"14":{"loc":{"start":{"line":34,"column":15},"end":{"line":34,"column":64}},"type":"cond-expr","locations":[{"start":{"line":34,"column":29},"end":{"line":34,"column":41}},{"start":{"line":34,"column":44},"end":{"line":34,"column":64}}],"line":34}},"s":{"0":4,"1":4,"2":32,"3":31,"4":31,"5":2,"6":29,"7":25,"8":25,"9":4,"10":1,"11":1,"12":3,"13":1,"14":1,"15":2,"16":1,"17":1,"18":1,"19":1,"20":1},"f":{"0":32},"b":{"0":[2,29],"1":[25,4],"2":[29,29],"3":[2,23],"4":[1,3],"5":[4,4],"6":[1,0],"7":[1,2],"8":[3,3],"9":[1,0],"10":[1,1],"11":[2,2],"12":[1,0],"13":[1,0],"14":[1,0]},"_coverageSchema":"1a1c01bbd47fc00a2c39e90264f33305004495a9","hash":"f41c1b11390a469d9bb65094351e1eb88fe772f9"}
,"/Users/So/testwut/reditto/utils/validate.js": {"path":"/Users/So/testwut/reditto/utils/validate.js","statementMap":{"0":{"start":{"line":1,"column":0},"end":{"line":13,"column":1}},"1":{"start":{"line":3,"column":8},"end":{"line":7,"column":108}},"2":{"start":{"line":4,"column":12},"end":{"line":4,"column":42}},"3":{"start":{"line":6,"column":12},"end":{"line":6,"column":97}},"4":{"start":{"line":6,"column":40},"end":{"line":6,"column":97}},"5":{"start":{"line":7,"column":15},"end":{"line":7,"column":108}},"6":{"start":{"line":7,"column":46},"end":{"line":7,"column":108}},"7":{"start":{"line":11,"column":8},"end":{"line":11,"column":96}},"8":{"start":{"line":11,"column":40},"end":{"line":11,"column":96}}},"fnMap":{"0":{"name":"(anonymous_0)","decl":{"start":{"line":2,"column":4},"end":{"line":2,"column":5}},"loc":{"start":{"line":2,"column":29},"end":{"line":8,"column":5}},"line":2},"1":{"name":"(anonymous_1)","decl":{"start":{"line":10,"column":4},"end":{"line":10,"column":5}},"loc":{"start":{"line":10,"column":24},"end":{"line":12,"column":5}},"line":10}},"branchMap":{"0":{"loc":{"start":{"line":3,"column":8},"end":{"line":7,"column":108}},"type":"if","locations":[{"start":{"line":3,"column":8},"end":{"line":7,"column":108}},{"start":{"line":3,"column":8},"end":{"line":7,"column":108}}],"line":3},"1":{"loc":{"start":{"line":3,"column":12},"end":{"line":3,"column":66}},"type":"binary-expr","locations":[{"start":{"line":3,"column":12},"end":{"line":3,"column":27}},{"start":{"line":3,"column":31},"end":{"line":3,"column":46}},{"start":{"line":3,"column":50},"end":{"line":3,"column":66}}],"line":3},"2":{"loc":{"start":{"line":6,"column":12},"end":{"line":6,"column":97}},"type":"if","locations":[{"start":{"line":6,"column":12},"end":{"line":6,"column":97}},{"start":{"line":6,"column":12},"end":{"line":6,"column":97}}],"line":6},"3":{"loc":{"start":{"line":7,"column":15},"end":{"line":7,"column":108}},"type":"if","locations":[{"start":{"line":7,"column":15},"end":{"line":7,"column":108}},{"start":{"line":7,"column":15},"end":{"line":7,"column":108}}],"line":7},"4":{"loc":{"start":{"line":11,"column":8},"end":{"line":11,"column":96}},"type":"if","locations":[{"start":{"line":11,"column":8},"end":{"line":11,"column":96}},{"start":{"line":11,"column":8},"end":{"line":11,"column":96}}],"line":11}},"s":{"0":5,"1":36,"2":35,"3":35,"4":2,"5":1,"6":1,"7":9,"8":3},"f":{"0":36,"1":9},"b":{"0":[35,1],"1":[36,35,3],"2":[2,33],"3":[1,0],"4":[3,6]},"_coverageSchema":"1a1c01bbd47fc00a2c39e90264f33305004495a9","hash":"6cde968066e5a40fbc086f79569cc866f44ded6d"}
}
