TN:
SF:config.js
FNF:0
FNH:0
DA:1,1
LF:1
LH:1
BRF:0
BRH:0
end_of_record
TN:
SF:logic/context.js
FNF:0
FNH:0
DA:1,4
LF:1
LH:1
BRF:0
BRH:0
end_of_record
TN:
SF:logic/index.js
FN:4,(anonymous_0)
FNF:1
FNH:1
FNDA:7,(anonymous_0)
DA:1,3
DA:3,3
DA:4,7
LF:3
LH:3
BRF:0
BRH:0
end_of_record
TN:
SF:logic/type.js
FN:4,(anonymous_0)
FN:7,(anonymous_1)
FN:9,(anonymous_2)
FN:12,(anonymous_3)
FN:14,(anonymous_4)
FN:17,(anonymous_5)
FN:19,(anonymous_6)
FN:22,(anonymous_7)
FNF:8
FNH:8
FNDA:2,(anonymous_0)
FNDA:29,(anonymous_1)
FNDA:1,(anonymous_2)
FNDA:29,(anonymous_3)
FNDA:1,(anonymous_4)
FNDA:29,(anonymous_5)
FNDA:1,(anonymous_6)
FNDA:29,(anonymous_7)
DA:1,3
DA:3,3
DA:5,2
DA:7,29
DA:10,1
DA:12,29
DA:15,1
DA:17,29
DA:20,1
DA:22,29
LF:10
LH:10
BRDA:12,0,0,29
BRDA:12,0,1,0
BRDA:17,1,0,29
BRDA:17,1,1,0
BRF:4
BRH:2
end_of_record
TN:
SF:utils/fetch.js
FN:4,(anonymous_0)
FN:6,(anonymous_1)
FNF:2
FNH:2
FNDA:3,(anonymous_0)
FNDA:3,(anonymous_1)
DA:1,4
DA:2,4
DA:4,4
DA:6,3
DA:8,3
DA:9,3
DA:10,1
DA:12,1
DA:13,1
DA:15,1
DA:19,2
DA:21,2
LF:12
LH:12
BRDA:13,0,0,0
BRDA:13,0,1,1
BRDA:19,1,0,0
BRDA:19,1,1,2
BRF:4
BRH:2
end_of_record
TN:
SF:utils/index.js
FNF:0
FNH:0
DA:1,4
LF:1
LH:1
BRF:0
BRH:0
end_of_record
TN:
SF:utils/process-posts-info.js
FN:4,(anonymous_0)
FNF:1
FNH:1
FNDA:2,(anonymous_0)
DA:1,4
DA:2,4
DA:4,4
DA:5,2
DA:7,1
DA:9,1
DA:11,25
DA:12,25
DA:14,25
DA:17,1
LF:10
LH:10
BRF:0
BRH:0
end_of_record
TN:
SF:utils/time-helper.js
FN:3,(anonymous_0)
FNF:1
FNH:1
FNDA:32,(anonymous_0)
DA:1,4
DA:3,4
DA:4,32
DA:6,31
DA:8,31
DA:9,2
DA:12,29
DA:13,25
DA:14,25
DA:17,4
DA:18,1
DA:19,1
DA:22,3
DA:23,1
DA:24,1
DA:27,2
DA:28,1
DA:29,1
DA:32,1
DA:33,1
DA:34,1
LF:21
LH:21
BRDA:8,0,0,2
BRDA:8,0,1,29
BRDA:12,1,0,25
BRDA:12,1,1,4
BRDA:12,2,0,29
BRDA:12,2,1,29
BRDA:14,3,0,2
BRDA:14,3,1,23
BRDA:17,4,0,1
BRDA:17,4,1,3
BRDA:17,5,0,4
BRDA:17,5,1,4
BRDA:19,6,0,1
BRDA:19,6,1,0
BRDA:22,7,0,1
BRDA:22,7,1,2
BRDA:22,8,0,3
BRDA:22,8,1,3
BRDA:24,9,0,1
BRDA:24,9,1,0
BRDA:27,10,0,1
BRDA:27,10,1,1
BRDA:27,11,0,2
BRDA:27,11,1,2
BRDA:29,12,0,1
BRDA:29,12,1,0
BRDA:32,13,0,1
BRDA:32,13,1,0
BRDA:34,14,0,1
BRDA:34,14,1,0
BRF:30
BRH:25
end_of_record
TN:
SF:utils/validate.js
FN:2,(anonymous_0)
FN:10,(anonymous_1)
FNF:2
FNH:2
FNDA:36,(anonymous_0)
FNDA:9,(anonymous_1)
DA:1,5
DA:3,36
DA:4,35
DA:6,35
DA:7,1
DA:11,9
LF:6
LH:6
BRDA:3,0,0,35
BRDA:3,0,1,1
BRDA:3,1,0,36
BRDA:3,1,1,35
BRDA:3,1,2,3
BRDA:6,2,0,2
BRDA:6,2,1,33
BRDA:7,3,0,1
BRDA:7,3,1,0
BRDA:11,4,0,3
BRDA:11,4,1,6
BRF:11
BRH:10
end_of_record
